2023-07-24T13:09:08.155Z - POST /api/users/logi - Status: 404
Response: {"err":"page not found"}
2023-07-24T13:09:59.749Z - POST /login - Status: 404
Response: {"msg":"invalid email and/or password"}
2023-07-24T13:11:44.760Z - GET / - Status: 401
Response: {"msg":"please provide token"}
2023-07-24T13:59:14.975Z - DELETE /64bd325225c7f00ee22e70e6 - Status: 404
Response: {"error":"User not found"}
2023-07-24T14:00:32.895Z - DELETE /64bd325225c7f00ee22e70e6 - Status: 401
Response: {"msg":"invalid token"}
2023-07-24T14:01:51.872Z - DELETE /64abf36e519b82488f22ae42 - Status: 404
Response: {"error":"User not found"}
2023-07-24T14:02:19.712Z - DELETE /64abf36e519b82488f22ae42 - Status: 404
Response: {"error":"User not found"}
2023-07-24T14:03:36.912Z - DELETE /64bd325225c7f00ee22e70e6 - Status: 404
Response: {"error":"User not found"}
2023-07-24T14:06:10.997Z - DELETE /64bcfa7b00b6ae38a510b1af%0A - Status: 401
Response: {"msg":"invalid token"}
2023-07-24T14:06:56.501Z - DELETE /64bcfa7b00b6ae38a510b1af%0A - Status: 400
Response: {"error":"Failed to delete user"}
2023-07-24T14:09:31.725Z - DELETE /64abf36e519b82488f22ae48%0A - Status: 400
Response: {"error":"Failed to delete user"}
2023-07-24T14:09:58.462Z - DELETE /64afdd2acc2452970fe99d46%0A - Status: 400
Response: {"error":"Failed to delete user"}
2023-07-24T14:10:39.407Z - DELETE /64b7adb65ecd17266e9e6c0f%0A - Status: 400
Response: {"error":"Failed to delete user"}
2023-07-24T14:15:18.278Z - POST /login - Status: 404
Response: {"_original":{"email":"ben@gmail.com","password":"Aa123456"},"details":[{"message":"\"password\" with value \"Aa123456\" fails to match the required pattern: /^(?=.*?[A-Z])(?=.*?[a-z])(?=.*?[0-9])(?=.*?[#?!@$%^&*-]).{8,}$/","path":["password"],"type":"string.pattern.base","context":{"regex":{},"value":"Aa123456","label":"password","key":"password"}}]}
2023-07-25T14:05:35.838Z - GET /google/log-in - Status: 404
Response: {"err":"page not found"}
2023-07-25T14:08:35.334Z - GET /google/google-login%0A - Status: 404
Response: {"err":"page not found"}
2023-07-25T14:09:22.095Z - GET /google/google-loginsda - Status: 404
Response: {"err":"page not found"}
2023-07-27T09:51:33.859Z - POST /users%0A - Status: 404
Response: {"err":"page not found"}
2023-07-27T09:51:55.606Z - POST /api/users%0A - Status: 404
Response: {"err":"page not found"}
2023-07-27T09:58:41.517Z - POST /api/user - Status: 404
Response: {"err":"page not found"}
2023-07-27T10:18:34.571Z - POST / - Status: 404
Response: "\"isBusiness\" is required"
2023-07-27T10:20:46.323Z - POST / - Status: 404
Response: "\"isBusiness\" is required"
2023-07-27T10:21:48.034Z - POST / - Status: 404
Response: "\"isBusiness\" is required"
2023-07-27T10:32:02.867Z - POST /login - Status: 404
Response: {"_original":{"email":"beni@gmail.com","password":"Nahnah210"},"details":[{"message":"\"password\" with value \"Nahnah210\" fails to match the required pattern: /^(?=.*?[A-Z])(?=.*?[a-z])(?=.*?[0-9])(?=.*?[#?!@$%^&*-]).{8,}$/","path":["password"],"type":"string.pattern.base","context":{"regex":{},"value":"Nahnah210","label":"password","key":"password"}}]}
2023-07-27T10:32:55.313Z - POST /login - Status: 404
Response: "\"password\" with value \"Nahnah210\" fails to match the required pattern: /^(?=.*?[A-Z])(?=.*?[a-z])(?=.*?[0-9])(?=.*?[#?!@$%^&*-]).{8,}$/"
2023-07-27T10:35:07.061Z - GET / - Status: 401
Response: {"msg":"invalid token"}
2023-07-27T10:38:40.200Z - POST /login - Status: 404
Response: 
2023-07-27T10:39:59.250Z - POST /login - Status: 404
Response: 
2023-07-27T10:43:19.690Z - POST /login - Status: 404
Response: 
2023-07-27T10:43:55.331Z - POST /login - Status: 404
Response: 
2023-07-27T10:44:48.085Z - POST /login - Status: 404
Response: "\"password\" with value \"Nahnah210\" fails to match the required pattern: /^(?=.*?[A-Z])(?=.*?[a-z])(?=.*?[0-9])(?=.*?[#?!@$%^&*-]).{8,}$/"
2023-07-27T10:44:57.199Z - POST /login - Status: 404
Response: 
2023-07-27T10:46:50.766Z - POST /login - Status: 404
Response: 
2023-07-27T10:47:23.066Z - POST /login - Status: 404
Response: {"msg":"invalid email and/or password"}
2023-07-27T10:47:49.679Z - POST /login - Status: 404
Response: {"msg":"invalid email and/or password"}
2023-07-27T10:48:43.489Z - POST /login - Status: 404
Response: 
2023-07-27T10:49:17.070Z - POST /login - Status: 404
Response: "invalid email and/or password"
2023-07-27T10:49:47.919Z - POST /login - Status: 404
Response: {"msg":"invalid email and/or password"}
2023-07-27T10:50:13.262Z - POST /login - Status: 404
Response: {"msg":"invalid email and/or password"}
2023-07-27T10:50:32.768Z - POST /login - Status: 404
Response: {"msg":"invalid email and/or password"}
2023-07-27T10:52:14.723Z - GET / - Status: 401
Response: {"msg":"you have no permission for this request"}
2023-07-27T10:54:45.492Z - GET / - Status: 401
Response: {"msg":"you have no permission for this request"}
2023-07-27T10:55:38.070Z - PATCH /64be86fb14218afbd13005d - Status: 401
Response: {"msg":"paramsId is not correct"}
2023-07-27T10:58:59.909Z - PUT /64be86fb14218afbd13005df - Status: 400
Response: {"_original":{"name":{"firstName":"adiru"}},"details":[{"message":"\"name.lastName\" is required","path":["name","lastName"],"type":"any.required","context":{"label":"name.lastName","key":"lastName"}}]}
2023-07-27T11:05:37.323Z - POST / - Status: 401
Response: {"msg":"please provide token"}
2023-07-27T11:06:05.876Z - POST / - Status: 400
Response: {"_original":{},"details":[{"message":"\"title\" is required","path":["title"],"type":"any.required","context":{"label":"title","key":"title"}}]}
2023-07-27T11:10:10.609Z - PUT /64be86fb14218afbd13005ea - Status: 401
Response: {"msg":"you have no permission for this request"}
2023-07-27T11:11:53.038Z - PUT /64be86fb14218afbd13005ea - Status: 401
Response: {"msg":"you have no permission for this request"}
2023-07-27T11:12:10.480Z - PUT /64be86fb14218afbd13005ea - Status: 400
Response: {"ok":0,"code":11000,"codeName":"DuplicateKey","keyPattern":{"email":1},"keyValue":{"email":"kennadasy2@gmail.com"}}
2023-07-27T11:30:21.374Z - PATCH /bizNum/64be86fb14218afbd13005ea - Status: 401
Response: {"msg":"you have no permission for this request"}
2023-07-27T11:30:57.717Z - PATCH /bizNum/64be86fb14218afbd13005ea - Status: 401
Response: {"msg":"you have no permission for this request"}
2023-07-27T11:32:19.623Z - PATCH /bizNum/64be86fb14218afbd13005ea - Status: 401
Response: {"msg":"you have no permission for this request"}
2023-07-27T11:33:35.557Z - PATCH /bizNum/64be86fb14218afbd13005ea - Status: 401
Response: {"msg":"you have no permission for this request"}
2023-07-27T11:34:17.391Z - PATCH /bizNum/64be86fb14218afbd13005ea - Status: 401
Response: {"msg":"you have no permission for this request"}
